<!DOCTYPE html>
<html lang="de" style="background-color: #cff0f1;">
  <head>
    <meta charset="utf-8" />
    <title>Indexes - als Präsentation</title>
    <meta name="viewport" content="width=1024, user-scalable=no" />

    <link rel="stylesheet" href="https://cdnjs.cloudflare.com/ajax/libs/highlight.js/11.9.0/styles/default.min.css">


    <!-- Replace path with correct path to deck.core.css. -->
    <link rel="stylesheet" href="/assets/css/deck.core.css" type="text/css" />
    <link rel="stylesheet" href="/assets/css/style-theme.css" type="text/css" />
    <link
      rel="stylesheet"
      href="/assets/css/transition-theme.css"
      type="text/css"
    />
    <link rel="stylesheet" href="/assets/css/deck.goto.css" />
    <link rel="stylesheet" href="/assets/css/deck.status.css" />
    <link rel="stylesheet" href="/assets/css/deck.hash.css" />
    <link rel="stylesheet" href="/assets/css/style.css" />

    <style>
      /* google code prettify */
      li.L0,
      li.L1,
      li.L2,
      li.L3,
      li.L5,
      li.L6,
      li.L7,
      li.L8 {
        list-style-type: inherit !important;
      }
      li.L1,
      li.L3,
      li.L5,
      li.L7,
      li.L9 {
        background: none repeat scroll 0 0 #eefeee;
      }
      ol.linenums {
        margin-left: 80px !important;
      }

      /* deck */
      h4.caption {
        color: #999999;
      }
      h4.caption small {
        color: black;
      }
      table.table-bordered {
        border-collapse: separate;
      }
      table.table-bordered td,
      table.table-bordered th {
        border: 2px white solid;
        padding: 2px;
      }

      .slide img[src$="svg"] {
        width: 100%;
      }
    </style>

    <!-- Any other extension CSS files go here. -->

    <!-- Replace path with correct path to Modernizr file. -->
    <script src="/assets/js/modernizr.custom.js"></script>
  </head>
  <body class="deck-container">
    <!-- Create any number of elements with class slide within the container -->
    <div class="slide">
      <h1>Indexes</h1>
      <p>
          vorige Präsentation:
        <a href="/php-db-optimierung//slide.html">Änderungen, Constraints und Transaktionen in der DB</a> | 
        <a href="/php-db-optimierung/indexes/"
          >zurück zum Buch-Kapitel [esc]</a
        >
         
        | Nächste Präsentation
        <a href="/php-db-optimierung/constraints//slide.html">Constraints</a>
        
      </p>
    </div>
    <div class="slide"><p>Mit <code>\timing</code> kann man in <code>psql</code> einschalten, dass die Zeit für die Abfrage angezeigt wird:</p>

<div class="example">
<h4 class="caption">Sql Code <small>Eine Abfrage mit timing</small></h4>
<pre><code class="language-sql  linenums">select vendorid,tpep_pickup_datetime,passenger_count from taxi_trips limit 10;
 vendorid | tpep_pickup_datetime | passenger_count
----------+----------------------+-----------------
        1 | 2019-01-01 00:46:40  |               1
        1 | 2019-01-01 00:59:47  |               1
        2 | 2018-12-21 13:48:30  |               3
        2 | 2018-11-28 15:52:25  |               5
        2 | 2018-11-28 15:56:57  |               5
        2 | 2018-11-28 16:25:49  |               5
        2 | 2018-11-28 16:29:37  |               5
        1 | 2019-01-01 00:21:28  |               1
        1 | 2019-01-01 00:32:01  |               1
        1 | 2019-01-01 00:57:32  |               2
(10 rows)
Time: 0.296 ms
</code></pre></div>

</div>
<div class="slide">



<p>Hier sortieren wir die Tabelle nach einer Integer-Spalte:</p>

<div class="example">
<h4 class="caption">Sql Code <small>Eine Abfrage die sehr lange dauert</small></h4>
<pre><code class="language-sql  linenums">select vendorid,tpep_pickup_datetime,passenger_count from taxi_trips order by passenger_count desc limit 10;
 vendorid | tpep_pickup_datetime | passenger_count
----------+----------------------+-----------------
        2 | 2019-01-21 03:46:51  |               9
        2 | 2019-01-30 18:34:12  |               9
        2 | 2019-01-13 04:13:24  |               9
        2 | 2019-01-19 16:45:25  |               9
        2 | 2019-01-05 13:12:29  |               9
        2 | 2019-01-21 19:20:28  |               9
        2 | 2019-01-07 03:19:36  |               9
        2 | 2019-01-10 00:43:10  |               9
        2 | 2019-01-05 13:12:29  |               9
        2 | 2019-01-30 22:17:51  |               9
(10 rows)
Time: 2785.204 ms (00:02.785)
</code></pre></div>

<p>Warum dauert diese Abfrage so lange?</p>

</div>
<div class="slide">

<h2 id="query-planner-und-explain">Query Planner und EXPLAIN</h2>

<p>SQL ist eine deklarative Programmiersprache, d.h. wir beschreiben nur
welche Daten wir haben wollen, aber nicht wie diese Daten gefunden werden.</p>

<p>Der <strong>Query Planner</strong> setzt die deklarative Beschreibung um in ein
imperatives Programm, das die Daten wirklich lädt.</p>

<p>Mit dem Befehl <code>EXPLAIN</code> können wir sehen was der Query Planner plant:</p>

<div class="example">
<pre><code class="language-sql  linenums">explain select vendorid,tpep_pickup_datetime,passenger_count from taxi_trips order by passenger_count desc limit 10;
                                    QUERY PLAN
-----------------------------------------------------------------------------------
 Limit ...
   -&gt;  Sort  ...
         Sort Key: passenger_count DESC
         -&gt;  Seq Scan on taxi_trips  ...
(4 rows)
</code></pre></div>

<p>Was können wir aus dem Plan herauslesen:</p>

<ul>
  <li>zum Schluss werden mit LIMIt nur 10 Zeilen ausgegeben</li>
  <li>davor muss ortiert werden, und zwar nach der Spalte <code>passenger_count</code><strong>Seq Scan</strong></li>
  <li>und afür muss mit <strong>sequential scan</strong> jede Zeile der angesehen werden.</li>
</ul>

</div>
<div class="slide">



<p>Mit dem Plan wird auch schon eine Abschätzung gemacht, wie lange die Abfrage dauern wird.
Dafür verwendet der Query Planner Informationen wie die Anzahl der Zeilen (<code>rows</code>) in einer Tabelle
oder Information über den Datentyp  der Spalten und ihren Platzbedarf (<code>width</code>):</p>

<div class="example">
<pre><code class="language-sql  linenums">explain select vendorid,tpep_pickup_datetime,passenger_count from taxi_trips order by passenger_count desc limit 10;
                                    QUERY PLAN
-----------------------------------------------------------------------------------
 Limit  (... rows=10 width=16)
   -&gt;  Sort  (... rows=15335369 width=16)
         Sort Key: passenger_count DESC
         -&gt;  Seq Scan on taxi_trips  (... rows=15335369 width=16)
(4 rows)
</code></pre></div>

</div>
<div class="slide">



<p>Der Query Planner schätz die Gesamt-Kosten mit fikiven Zahle ab (keine Sekunden oder Millisekunden).</p>

<div class="example">
<pre><code class="language-sql  linenums">explain select vendorid,tpep_pickup_datetime,passenger_count from taxi_trips order by passenger_count desc limit 10;
                                    QUERY PLAN
-----------------------------------------------------------------------------------
 Limit  (cost=729549.50..729549.53 rows=10 width=16)
   -&gt;  Sort  (cost=729549.50..767887.92 rows=15335369 width=16)
         Sort Key: passenger_count DESC
         -&gt;  Seq Scan on taxi_trips  (cost=0.00..398157.69 rows=15335369 width=16)
(4 rows)
</code></pre></div>

<p>Die angegeben Kosten sind fiktive Zahlen, keine Sekunden oder Millisekunden.</p>

</div>
<div class="slide">

<h2 id="explain-analyze">EXPLAIN ANALYZE</h2>

<p>Die Query <code>EXPLAIN ANALYZE</code> führt dann die Abfrage wirklich durch, und misst wie
lange es wirklich gedauert hat (in Millisekunden) und wie viel Hauptspeicher dafür benutzt wurde:</p>

<div class="example">
<pre><code class="language-sql  linenums">explain analyze select vendorid,tpep_pickup_datetime,passenger_count from taxi_trips order by passenger_count desc limit 10;
                                                              QUERY PLAN
---------------------------------------------------------------------------------------------------------------------------------------
 Limit  (cost=729549.50..729549.53 rows=10 width=16) (actual time=3732.133..3732.134 rows=10 loops=1)
   -&gt;  Sort  (cost=729549.50..767887.92 rows=15335369 width=16) (actual time=3732.131..3732.132 rows=10 loops=1)
         Sort Key: passenger_count DESC
         Sort Method: top-N heapsort  Memory: 25kB
         -&gt;  Seq Scan on taxi_trips  (cost=0.00..398157.69 rows=15335369 width=16) (actual time=0.045..2355.460 rows=15335584 loops=1)
 Planning time: 0.161 ms
 Execution time: 3732.223 ms
</code></pre></div>

<p>Welcher Sortier-Algorithmus wurde verwendet?</p>

<p>Was könnte man tun, um diese Abfrage zu beschleunigen?</p>

</div>
<div class="slide">

<h2 id="index-erzeugen">Index erzeugen</h2>

<p>Die Antwort ist: wir könnten einen sortieren Baum verwenden, der nach den  Werte von passenger_count sortiert
ist und auf die ganzen Datensätze verweist.</p>

<p>Das nennt man in SQL einen Index. Er wird so erzeugt:</p>

<div class="example">
<pre><code class="language-sql  linenums">CREATE INDEX passenger_count_idx ON taxi_trips(passenger_count);
Time: 27368.964 ms (00:27.369)
</code></pre></div>

<p>Man muss also nicht wissen wie ein Baum funktioniert, man muss nur sagen:
ich will dass die Spalte <code>passenger_count</code> irgendwie schneller Abgefragt werden kann.</p>

</div>
<div class="slide">



<p>Ist die Abfrage nun wirklich schneller?</p>

<div class="example">
<pre><code class="language-sql  linenums">select vendorid,tpep_pickup_datetime,passenger_count from taxi_trips order by passenger_count desc limit 10;
 vendorid | tpep_pickup_datetime | passenger_count
----------+----------------------+-----------------
        2 | 2019-01-30 22:17:51  |               9
        2 | 2019-01-30 18:34:12  |               9
        2 | 2019-01-21 19:20:28  |               9
        2 | 2019-01-21 03:46:51  |               9
        2 | 2019-01-19 16:45:25  |               9
        2 | 2019-01-13 04:13:24  |               9
        2 | 2019-01-10 00:43:10  |               9
        2 | 2019-01-07 03:19:36  |               9
        2 | 2019-01-05 13:12:29  |               9
        2 | 2019-01-30 22:17:51  |               9
(10 rows)
Time: 4.103 ms
</code></pre></div>

<p>Zur Erinnerung: das war ohne Index <code>Time: 2785.204 ms (00:02.785)</code></p>

</div>
<div class="slide">



<p>Wie sieht der neue Query Plan aus?</p>

<p>Zur Erinnerung: das war der Query Plan ohne Index:</p>

<div class="example">
<pre><code class="language-sql  linenums">explain select vendorid,tpep_pickup_datetime,passenger_count from taxi_trips order by passenger_count desc limit 10;
                                    QUERY PLAN
-----------------------------------------------------------------------------------
 Limit  (cost=729549.50..729549.53 rows=10 width=16)
   -&gt;  Sort  (cost=729549.50..767887.92 rows=15335369 width=16)
         Sort Key: passenger_count DESC
         -&gt;  Seq Scan on taxi_trips  (cost=0.00..398157.69 rows=15335369 width=16)
(4 rows)
</code></pre></div>

<p>So sieht der  Query Plan mit Index aus:</p>

<div class="example">
<pre><code class="language-sql  linenums">explain select vendorid,tpep_pickup_datetime,passenger_count from taxi_trips order by passenger_count desc limit 10;
                                                        QUERY PLAN
---------------------------------------------------------------------------------------------------------------------------
 Limit  (cost=0.43..1.20 rows=10 width=16)
   -&gt;  Index Scan Backward using passenger_count_idx on taxi_trips  (cost=0.43..1172028.16 rows=15335742 width=16)
</code></pre></div>

<p><strong>Index Scan Backward</strong> heisst also: wir verwenden den bestehenden Index (=Baum) um Rückwärts (absteigend) die
Werte von passenger_count auszulesen.  Wenn wir 10 gefunden haben brechen wir ab.</p>

</div>
<div class="slide">



<p>Zu Erinnerung: so sah <code>EXPLAIN ANALYZE</code> ohne Index aus:</p>

<div class="example">
<pre><code class="language-sql  linenums">explain analyze select vendorid,tpep_pickup_datetime,passenger_count from taxi_trips order by passenger_count desc limit 10;
                                                              QUERY PLAN
---------------------------------------------------------------------------------------------------------------------------------------
 Limit  (cost=729549.50..729549.53 rows=10 width=16) (actual time=3732.133..3732.134 rows=10 loops=1)
   -&gt;  Sort  (cost=729549.50..767887.92 rows=15335369 width=16) (actual time=3732.131..3732.132 rows=10 loops=1)
         Sort Key: passenger_count DESC
         Sort Method: top-N heapsort  Memory: 25kB
         -&gt;  Seq Scan on taxi_trips  (cost=0.00..398157.69 rows=15335369 width=16) (actual time=0.045..2355.460 rows=15335584 loops=1)
 Planning time: 0.161 ms
 Execution time: 3732.223 ms
</code></pre></div>

<p>Und so sieht es mit Index aus:</p>

<div class="example">
<pre><code class="language-sql  linenums">explain analyze select vendorid,tpep_pickup_datetime,passenger_count from taxi_trips order by passenger_count desc limit 10;
                                                                              QUERY PLAN
----------------------------------------------------------------------------------------------------------------------------------------------------------------------
 Limit  (cost=0.43..1.20 rows=10 width=16) (actual time=0.048..0.115 rows=10 loops=1)
   -&gt;  Index Scan Backward using passenger_count_idx on taxi_trips  (cost=0.43..1172028.16 rows=15335742 width=16) (actual time=0.047..0.113 rows=10 loops=1)
 Planning time: 0.064 ms
 Execution time: 0.130 ms
</code></pre></div>

</div>
<div class="slide">

<h2 id="die-datenstruktur-hinter-dem-index-b-baum">Die Datenstruktur hinter dem Index: B-Baum</h2>

<p>Das Anlegen eines Index mit  <code>CREATE INDEX</code> erzeugt eine zusätzliche
Datenstruktur: einen <a href="https://de.wikipedia.org/wiki/B-Baum">B-Baum</a>.</p>

<p><img src="/images/php-db-optimierung/b-baum.svg"  alt="B-Baum" ></p>

<p>Der B-Baum ist sortiert, ausbalanziert, und seine Knoten haben jeweils <strong>viele</strong>
Kinder. (das B steht also nicht für binär!)</p>

<p>Mit dem Wissen über die Datenstruktur gewinnen wir ein besserer Verständnis für
die Fähigkeiten und Grenzen eines Index:</p>

<ul>
  <li>Ein Index bedeutet immer zusätzliche Arbeit beim Einfügen, beim Löschen, …</li>
  <li>das Auslesen kann in logarithmischer Zeit erfolgen</li>
  <li>…</li>
</ul>

<p>Besonders effizient ist der Index wenn alle Daten der Abfrage schon
direkt im Baum gespeichert sind, und nicht nochmal separat gelesen werden müssen:</p>

<div class="example">
<pre><code class="language-sql  linenums">SELECT vendorid,tpep_pickup_datetime,passenger_count FROM taxi_trips ORDER BY yes_rsvp_count DESC LIMIT 10;
SELECT passenger_count FROM events ORDER BY taxi_trips DESC LIMIT 10;
</code></pre></div>

<p>Die erste Abfrage braucht einen Zugriff auf die vollständigen Daten der Tabelle um
name und time auszulesen. Die zweite Abfrage findet alle nötigen Daten direkt im Index.</p>

<p>Manche Datenbank bieten die Möglichkeit zusätzliche Attribute in den Index aufzunehmen,
um einen “covering index” zu erzeugen:</p>

<div class="example">
<pre><code class="language-sql  linenums"># CREATE INDEX yes_rsvp_count_with_name_and_time ON events(yes_rsvp_count) INCLUDE (name, time);
</code></pre></div>

<p>Siehe <a href="https://blog.crunchydata.com/blog/why-covering-indexes-are-incredibly-helpful">Katz (2018): Why Covering Indexes in Postgres Are Incredibly Helpful</a> und <a href="https://www.postgresql.org/docs/13/sql-createindex.html">Postgres Dokumentation</a>.</p>

</div>
<div class="slide">

<h2 id="index-fr-volltexsuche">Index für Volltexsuche</h2>

<p>Für Abfragen mit <code>LIKE</code> hilft ein normaler Index nicht.
Dafür braucht man eigenen eigenen Index für die Volltextsuche.</p>

<p>Hier ein Beispiel: eine Tabelle mit Namen und Länderkürzel von ca. 170.000 Städten:</p>

<div class="example">
<pre><code class="language-sql  linenums"># explain analyze SELECT concat(name,&#39;,&#39;,country) as label FROM city WHERE name ILIKE &#39;Salz%&#39;  ORDER BY name LIMIT 150;
                                                      QUERY PLAN
----------------------------------------------------------------------------------------------------------------------
 Limit  (cost=3065.44..3065.48 rows=17 width=43) (actual time=1698.352..1698.370 rows=24 loops=1)
   -&gt;  Sort  (cost=3065.44..3065.48 rows=17 width=43) (actual time=1698.350..1698.357 rows=24 loops=1)
         Sort Key: name
         Sort Method: quicksort  Memory: 26kB
         -&gt;  Seq Scan on city  (cost=0.00..3065.09 rows=17 width=43) (actual time=1303.415..1679.370 rows=24 loops=1)
               Filter: ((name)::text ~~* &#39;Salz%&#39;::text)
               Rows Removed by Filter: 168780
 Planning time: 1.086 ms
 Execution time: 1698.456 ms
(9 rows)
</code></pre></div>

</div>
<div class="slide">



<p>Nun legen wir einen “general inverted index” - abgekürzt gin - an:</p>

<div class="example">
<pre><code class="language-sql  linenums">CREATE INDEX trgm_idx_city_name ON city USING gin(name gin_trgm_ops);
</code></pre></div>

<p>Über diese Datenstruktur lernen Sie mehr in der Lehrveranstaltung “Information Retrieval” im 6.Semester.</p>

</div>
<div class="slide">



<p>Danach ist die Abfage wesentlich schneller:</p>

<div class="example">
<pre><code class="language-sql  linenums"># explain analyze SELECT concat(name,&#39;,&#39;,country) as label FROM city WHERE name ILIKE &#39;Salz%&#39;  ORDER BY name LIMIT 150;
                                                                QUERY PLAN
------------------------------------------------------------------------------------------------------------------------------------------
 Limit  (cost=113.93..113.97 rows=17 width=43) (actual time=0.936..0.948 rows=24 loops=1)
   -&gt;  Sort  (cost=113.93..113.97 rows=17 width=43) (actual time=0.935..0.940 rows=24 loops=1)
         Sort Key: name
         Sort Method: quicksort  Memory: 26kB
         -&gt;  Bitmap Heap Scan on city  (cost=52.13..113.58 rows=17 width=43) (actual time=0.751..0.845 rows=24 loops=1)
               Recheck Cond: ((name)::text ~~* &#39;Salz%&#39;::text)
               Rows Removed by Index Recheck: 13
               Heap Blocks: exact=11
               -&gt;  Bitmap Index Scan on trgm_idx_city_name  (cost=0.00..52.13 rows=17 width=0) (actual time=0.676..0.676 rows=37 loops=1)
                     Index Cond: ((name)::text ~~* &#39;Salz%&#39;::text)
 Planning time: 0.962 ms
 Execution time: 1.006 ms
(12 rows)
</code></pre></div>

</div>
<div class="slide">

<h2 id="siehe-auch">Siehe auch</h2>

<ul>
  <li><a href="https://www.postgresql.org/docs/current/gin-intro.html">GIN indexes in der Postgres Doku</a></li>
</ul>
</div>
    <div class="slide">
      <h1>Indexes</h1>
      <p>
          vorige Präsentation:
        <a href="/php-db-optimierung//slide.html">Änderungen, Constraints und Transaktionen in der DB</a> | 
        <a href="/php-db-optimierung/indexes/"
          >zurück zum Buch-Kapitel [esc]</a
        >
         
        | Nächste Präsentation
        <a href="/php-db-optimierung/constraints//slide.html">Constraints</a>
        
      </p>
    </div>

    <!-- Other extension HTML snippets go here, at the bottom of the deck container. -->
    <!-- deck.status snippet -->
    <p class="deck-status">
      <span class="deck-status-current"></span>
      /
      <span class="deck-status-total"></span>
    </p>

    <!-- deck.hash snippet -->
    <a href="." title="Permalink to this slide" class="deck-permalink">#</a>

    <!-- Update these paths to point to the correct files. -->
    <script src="/assets/js/jquery.min.js"></script>
    <script src="/assets/js/deck.core.js"></script>
    <script src="/assets/js/deck.hash.js"></script>
    <script src="/assets/js/deck.goto.js"></script>
    <script src="/assets/js/deck.status.js"></script>

    <!-- Add any other extension JS files here -->
    <script src="/assets/js/deck.escape.js"></script>
    <script src="/assets/js/deck.fullscreen.js"></script>

    <!-- Initialize the deck. You can put this in an external file if desired. -->
    <script src="/assets/js/godeck.js"></script>


    <script src="https://cdnjs.cloudflare.com/ajax/libs/highlight.js/11.9.0/highlight.min.js"></script>
    <script src="https://cdnjs.cloudflare.com/ajax/libs/highlight.js/11.9.0/languages/javascript.min.js"></script>
    <script src="https://cdnjs.cloudflare.com/ajax/libs/highlight.js/11.9.0/languages/css.min.js"></script>
    <script src="https://cdnjs.cloudflare.com/ajax/libs/highlight.js/11.9.0/languages/shell.min.js"></script>
    <script>hljs.highlightAll();</script>
  </body>
</html>
